# JRE version: OpenJDK Runtime Environment Temurin-11.0.15+10 (11.0.15+10) (build 11.0.15+10)
# Java VM: OpenJDK 64-Bit Server VM Temurin-11.0.15+10 (11.0.15+10, mixed mode, tiered, compressed oops, g1 gc, linux-amd64)
Heap:
 garbage-first heap   total 505856K, used 333714K [0x0000000612a00000, 0x0000000800000000)
  region size 2048K, 148 young (303104K), 9 survivors (18432K)
 Metaspace       used 61132K, capacity 64059K, committed 64304K, reserved 1103872K
  class space    used 7773K, capacity 9055K, committed 9088K, reserved 1048576K
GC Heap History (20 events):
Event: 0.696 GC heap after
{Heap after GC invocations=4 (full 0):
 garbage-first heap   total 505856K, used 20779K [0x0000000612a00000, 0x0000000800000000)
  region size 2048K, 2 young (4096K), 2 survivors (4096K)
 Metaspace       used 20566K, capacity 21065K, committed 21296K, reserved 1069056K
  class space    used 2423K, capacity 2655K, committed 2688K, reserved 1048576K
}
Event: 0.873 GC heap before
{Heap before GC invocations=5 (full 0):
 garbage-first heap   total 505856K, used 76075K [0x0000000612a00000, 0x0000000800000000)
  region size 2048K, 30 young (61440K), 2 survivors (4096K)
 Metaspace       used 28651K, capacity 29382K, committed 29488K, reserved 1075200K
  class space    used 3656K, capacity 3967K, committed 3968K, reserved 1048576K
}
Event: 0.876 GC heap after
{Heap after GC invocations=6 (full 0):
 garbage-first heap   total 505856K, used 22827K [0x0000000612a00000, 0x0000000800000000)
  region size 2048K, 3 young (6144K), 3 survivors (6144K)
 Metaspace       used 28651K, capacity 29382K, committed 29488K, reserved 1075200K
  class space    used 3656K, capacity 3967K, committed 3968K, reserved 1048576K
}
Event: 1.089 GC heap before
{Heap before GC invocations=6 (full 0):
 garbage-first heap   total 505856K, used 88363K [0x0000000612a00000, 0x0000000800000000)
  region size 2048K, 35 young (71680K), 3 survivors (6144K)
 Metaspace       used 34825K, capacity 35790K, committed 35888K, reserved 1081344K
  class space    used 4486K, capacity 4906K, committed 4992K, reserved 1048576K
}
Event: 1.092 GC heap after
{Heap after GC invocations=7 (full 0):
 garbage-first heap   total 505856K, used 28089K [0x0000000612a00000, 0x0000000800000000)
  region size 2048K, 5 young (10240K), 5 survivors (10240K)
 Metaspace       used 34825K, capacity 35790K, committed 35888K, reserved 1081344K
  class space    used 4486K, capacity 4906K, committed 4992K, reserved 1048576K
}
Event: 77.267 GC heap before
{Heap before GC invocations=8 (full 0):
 garbage-first heap   total 505856K, used 146873K [0x0000000612a00000, 0x0000000800000000)
  region size 2048K, 63 young (129024K), 5 survivors (10240K)
 Metaspace       used 52484K, capacity 54713K, committed 55088K, reserved 1097728K
  class space    used 6709K, capacity 7687K, committed 7808K, reserved 1048576K
}
Event: 77.272 GC heap after
{Heap after GC invocations=9 (full 0):
 garbage-first heap   total 505856K, used 35570K [0x0000000612a00000, 0x0000000800000000)
  region size 2048K, 8 young (16384K), 8 survivors (16384K)
 Metaspace       used 52484K, capacity 54713K, committed 55088K, reserved 1097728K
  class space    used 6709K, capacity 7687K, committed 7808K, reserved 1048576K
}
Event: 2910.482 GC heap before
{Heap before GC invocations=9 (full 0):
 garbage-first heap   total 505856K, used 260850K [0x0000000612a00000, 0x0000000800000000)
  region size 2048K, 118 young (241664K), 8 survivors (16384K)
 Metaspace       used 52846K, capacity 55082K, committed 55344K, reserved 1097728K
  class space    used 6767K, capacity 7743K, committed 7808K, reserved 1048576K
}
Event: 2910.486 GC heap after
{Heap after GC invocations=10 (full 0):
 garbage-first heap   total 505856K, used 35705K [0x0000000612a00000, 0x0000000800000000)
  region size 2048K, 8 young (16384K), 8 survivors (16384K)
 Metaspace       used 52846K, capacity 55082K, committed 55344K, reserved 1097728K
  class space    used 6767K, capacity 7743K, committed 7808K, reserved 1048576K
}
Event: 6569.197 GC heap before
{Heap before GC invocations=10 (full 0):
 garbage-first heap   total 505856K, used 314233K [0x0000000612a00000, 0x0000000800000000)
  region size 2048K, 144 young (294912K), 8 survivors (16384K)
 Metaspace       used 52859K, capacity 55147K, committed 55344K, reserved 1097728K
  class space    used 6767K, capacity 7743K, committed 7808K, reserved 1048576K
}
Event: 6569.202 GC heap after
{Heap after GC invocations=11 (full 0):
 garbage-first heap   total 505856K, used 35914K [0x0000000612a00000, 0x0000000800000000)
  region size 2048K, 8 young (16384K), 8 survivors (16384K)
 Metaspace       used 52859K, capacity 55147K, committed 55344K, reserved 1097728K
  class space    used 6767K, capacity 7743K, committed 7808K, reserved 1048576K
}
Event: 10432.538 GC heap before
{Heap before GC invocations=11 (full 0):
 garbage-first heap   total 505856K, used 322634K [0x0000000612a00000, 0x0000000800000000)
  region size 2048K, 148 young (303104K), 8 survivors (16384K)
 Metaspace       used 52978K, capacity 55279K, committed 55600K, reserved 1097728K
  class space    used 6767K, capacity 7743K, committed 7808K, reserved 1048576K
}
Event: 10432.542 GC heap after
{Heap after GC invocations=12 (full 0):
 garbage-first heap   total 505856K, used 35496K [0x0000000612a00000, 0x0000000800000000)
  region size 2048K, 8 young (16384K), 8 survivors (16384K)
 Metaspace       used 52978K, capacity 55279K, committed 55600K, reserved 1097728K
  class space    used 6767K, capacity 7743K, committed 7808K, reserved 1048576K
}
Event: 14522.324 GC heap before
{Heap before GC invocations=12 (full 0):
 garbage-first heap   total 505856K, used 322216K [0x0000000612a00000, 0x0000000800000000)
  region size 2048K, 148 young (303104K), 8 survivors (16384K)
 Metaspace       used 52994K, capacity 55279K, committed 55600K, reserved 1097728K
  class space    used 6767K, capacity 7743K, committed 7808K, reserved 1048576K
}
Event: 14522.327 GC heap after
{Heap after GC invocations=13 (full 0):
 garbage-first heap   total 505856K, used 34069K [0x0000000612a00000, 0x0000000800000000)
  region size 2048K, 7 young (14336K), 7 survivors (14336K)
 Metaspace       used 52994K, capacity 55279K, committed 55600K, reserved 1097728K
  class space    used 6767K, capacity 7743K, committed 7808K, reserved 1048576K
}
Event: 15802.458 GC heap before
{Heap before GC invocations=13 (full 0):
 garbage-first heap   total 505856K, used 251157K [0x0000000612a00000, 0x0000000800000000)
  region size 2048K, 115 young (235520K), 7 survivors (14336K)
 Metaspace       used 57431K, capacity 60035K, committed 60208K, reserved 1101824K
  class space    used 7391K, capacity 8512K, committed 8576K, reserved 1048576K
}
Event: 15802.475 GC heap after
{Heap after GC invocations=14 (full 0):
 garbage-first heap   total 505856K, used 46004K [0x0000000612a00000, 0x0000000800000000)
  region size 2048K, 13 young (26624K), 13 survivors (26624K)
 Metaspace       used 57431K, capacity 60035K, committed 60208K, reserved 1101824K
  class space    used 7391K, capacity 8512K, committed 8576K, reserved 1048576K
}
Event: 15862.772 GC heap before
{Heap before GC invocations=15 (full 0):
 garbage-first heap   total 505856K, used 322484K [0x0000000612a00000, 0x0000000800000000)
  region size 2048K, 148 young (303104K), 13 survivors (26624K)
 Metaspace       used 58905K, capacity 61494K, committed 61872K, reserved 1101824K
  class space    used 7451K, capacity 8579K, committed 8704K, reserved 1048576K
}
Event: 15862.778 GC heap after
{Heap after GC invocations=16 (full 0):
 garbage-first heap   total 505856K, used 49042K [0x0000000612a00000, 0x0000000800000000)
  region size 2048K, 9 young (18432K), 9 survivors (18432K)
 Metaspace       used 58905K, capacity 61494K, committed 61872K, reserved 1101824K
  class space    used 7451K, capacity 8579K, committed 8704K, reserved 1048576K
}
Event: 16276.074 GC heap before
{Heap before GC invocations=16 (full 0):
 garbage-first heap   total 505856K, used 333714K [0x0000000612a00000, 0x0000000800000000)
  region size 2048K, 148 young (303104K), 9 survivors (18432K)
 Metaspace       used 61132K, capacity 64059K, committed 64304K, reserved 1103872K
  class space    used 7773K, capacity 9055K, committed 9088K, reserved 1048576K
}

